Change Physical Footprint: Designator=C1 Old Footprint=CAP0805 New Footprint=CAP0805
Change Physical Footprint: Designator=C2 Old Footprint=CAP0805 New Footprint=CAP0805
Change Physical Footprint: Designator=C3 Old Footprint=CAP1206 New Footprint=CAP1206
Change Physical Footprint: Designator=C4 Old Footprint=CAP0402 New Footprint=CAP0402
Change Physical Footprint: Designator=C5 Old Footprint=CAP0402 New Footprint=CAP0402
Change Physical Footprint: Designator=C6 Old Footprint=CAP0402 New Footprint=CAP0402
Change Physical Footprint: Designator=C7 Old Footprint=CAP0805 New Footprint=CAP0805
Change Physical Footprint: Designator=C8 Old Footprint=CAP0402 New Footprint=CAP0402
Change Physical Footprint: Designator=C9 Old Footprint=CAP0402 New Footprint=CAP0402
Change Physical Footprint: Designator=C10 Old Footprint=CAP0402 New Footprint=CAP0402
Change Physical Footprint: Designator=C11 Old Footprint=CAP0402 New Footprint=CAP0402
Change Physical Footprint: Designator=C12 Old Footprint=CAP1206 New Footprint=CAP1206
Change Physical Footprint: Designator=C13 Old Footprint=CAP0402 New Footprint=CAP0402
Change Physical Footprint: Designator=C14 Old Footprint=CAP0402 New Footprint=CAP0402
Change Physical Footprint: Designator=C15 Old Footprint=CAP0402 New Footprint=CAP0402
Change Physical Footprint: Designator=C16 Old Footprint=CAP0402 New Footprint=CAP0402
Change Physical Footprint: Designator=C17 Old Footprint=NIC-CAPA2-10X10_V New Footprint=NIC-CAPA2-10X10_V
Change Physical Footprint: Designator=C18 Old Footprint=CAP0402 New Footprint=CAP0402
Change Physical Footprint: Designator=D1 Old Footprint=SD05-7 New Footprint=SD05-7
Change Physical Footprint: Designator=D2 Old Footprint=SD05-7 New Footprint=SD05-7
Change Physical Footprint: Designator=D3 Old Footprint=LED_0805_GREEN New Footprint=LED_0805_GREEN
Change Physical Footprint: Designator=D4 Old Footprint=LED_0805_RED New Footprint=LED_0805_RED
Change Physical Footprint: Designator=D5 Old Footprint=LED_0805_YELLOW New Footprint=LED_0805_YELLOW
Change Physical Footprint: Designator=D6 Old Footprint=LED_0805_YELLOW New Footprint=LED_0805_YELLOW
Change Physical Footprint: Designator=D7 Old Footprint=LED_0805_YELLOW New Footprint=LED_0805_YELLOW
Change Physical Footprint: Designator=D8 Old Footprint=TUMD2M New Footprint=TUMD2M
Change Physical Footprint: Designator=D9 Old Footprint=TUMD2M New Footprint=TUMD2M
Change Physical Footprint: Designator=D10 Old Footprint=TUMD2M New Footprint=TUMD2M
Change Physical Footprint: Designator=D11 Old Footprint=TUMD2M New Footprint=TUMD2M
Change Physical Footprint: Designator=D12 Old Footprint=TUMD2M New Footprint=TUMD2M
Change Physical Footprint: Designator=D13 Old Footprint=LED_0805_YELLOW New Footprint=LED_0805_YELLOW
Change Physical Footprint: Designator=F1 Old Footprint=FUSE_0603 New Footprint=FUSE_0603
Change Physical Footprint: Designator=F2 Old Footprint=FUSE_0603 New Footprint=FUSE_0603
Change Physical Footprint: Designator=J1 Old Footprint=JST- S2B-PH-SM4-TB(LF)(SN)-2_V New Footprint=JST- S2B-PH-SM4-TB(LF)(SN)-2_V
Change Physical Footprint: Designator=J2 Old Footprint=FP-S9B-PH-SM4-TB_LF_SN-MFG New Footprint=FP-S9B-PH-SM4-TB_LF_SN-MFG
Change Physical Footprint: Designator=J3 Old Footprint=JST- S2B-PH-SM4-TB(LF)(SN)-2_V New Footprint=JST- S2B-PH-SM4-TB(LF)(SN)-2_V
Change Physical Footprint: Designator=L1 Old Footprint=TMPA0503S-3R3MN-D New Footprint=TMPA0503S-3R3MN-D
Change Physical Footprint: Designator=L2 Old Footprint=TMPA0503S-3R3MN-D New Footprint=TMPA0503S-3R3MN-D
Change Physical Footprint: Designator=Q1 Old Footprint=SOT23-3 New Footprint=SOT23-3
Change Physical Footprint: Designator=Q2 Old Footprint=SOT-523 New Footprint=SOT-523
Change Physical Footprint: Designator=Q3 Old Footprint=SOT-523 New Footprint=SOT-523
Change Physical Footprint: Designator=R1 Old Footprint=RES0402 New Footprint=RES0402
Change Physical Footprint: Designator=R2 Old Footprint=RES0603 New Footprint=RES0603
Change Physical Footprint: Designator=R3 Old Footprint=RES0603 New Footprint=RES0603
Change Physical Footprint: Designator=R4 Old Footprint=RES0402 New Footprint=RES0402
Change Physical Footprint: Designator=R5 Old Footprint=RES0603 New Footprint=RES0603
Change Physical Footprint: Designator=R6 Old Footprint=RES0402 New Footprint=RES0402
Change Physical Footprint: Designator=R7 Old Footprint=RES0402 New Footprint=RES0402
Change Physical Footprint: Designator=R8 Old Footprint=RES0402 New Footprint=RES0402
Change Physical Footprint: Designator=R9 Old Footprint=RES0603 New Footprint=RES0603
Change Physical Footprint: Designator=R10 Old Footprint=RES0402 New Footprint=RES0402
Change Physical Footprint: Designator=R11 Old Footprint=RES0402 New Footprint=RES0402
Change Physical Footprint: Designator=R12 Old Footprint=RES0402 New Footprint=RES0402
Change Physical Footprint: Designator=R13 Old Footprint=RES0402 New Footprint=RES0402
Change Physical Footprint: Designator=R14 Old Footprint=RES0402 New Footprint=RES0402
Change Physical Footprint: Designator=R15 Old Footprint=RES0402 New Footprint=RES0402
Change Physical Footprint: Designator=R16 Old Footprint=RES0402 New Footprint=RES0402
Change Physical Footprint: Designator=R17 Old Footprint=RES0402 New Footprint=RES0402
Change Physical Footprint: Designator=R18 Old Footprint=RES0402 New Footprint=RES0402
Change Physical Footprint: Designator=R19 Old Footprint=RES0402 New Footprint=RES0402
Change Physical Footprint: Designator=R20 Old Footprint=RES0402 New Footprint=RES0402
Change Physical Footprint: Designator=R21 Old Footprint=RES0402 New Footprint=RES0402
Change Physical Footprint: Designator=R22 Old Footprint=RES0402 New Footprint=RES0402
Change Physical Footprint: Designator=R23 Old Footprint=RES0402 New Footprint=RES0402
Change Physical Footprint: Designator=R24 Old Footprint=RES0402 New Footprint=RES0402
Change Physical Footprint: Designator=R25 Old Footprint=RES0402 New Footprint=RES0402
Change Physical Footprint: Designator=R26 Old Footprint=RES0402 New Footprint=RES0402
Change Physical Footprint: Designator=R27 Old Footprint=RES0402 New Footprint=RES0402
Change Physical Footprint: Designator=R28 Old Footprint=RES0402 New Footprint=RES0402
Change Physical Footprint: Designator=U1 Old Footprint=FP-RNR0011A-MFG New Footprint=FP-RNR0011A-MFG
Change Physical Footprint: Designator=U2 Old Footprint=TPS563210ADDFR New Footprint=TPS563210ADDFR
Change Physical Footprint: Designator=U3 Old Footprint=EPS32-S3-DevKitC New Footprint=EPS32-S3-DevKitC
